-1.5
-showWeaveInfo
-source
1.5
-verbose
-classpath
C:\J2EE\apache-maven\repository\annogen\annogen\0.1.0\annogen-0.1.0.jar;C:\J2EE\apache-maven\repository\antlr\antlr\2.7.6\antlr-2.7.6.jar;C:\J2EE\apache-maven\repository\aopalliance\aopalliance\1.0\aopalliance-1.0.jar;C:\J2EE\apache-maven\repository\backport-util-concurrent\backport-util-concurrent\3.1\backport-util-concurrent-3.1.jar;C:\J2EE\apache-maven\repository\com\ibm\icu\icu4j\2.6.1\icu4j-2.6.1.jar;C:\J2EE\apache-maven\repository\com\sun\jdmk\jmxtools\1.2.1\jmxtools-1.2.1.jar;C:\J2EE\apache-maven\repository\com\sun\jmx\jmxri\1.2.1\jmxri-1.2.1.jar;C:\J2EE\apache-maven\repository\com\sun\xml\bind\jaxb-impl\2.1.6\jaxb-impl-2.1.6.jar;C:\J2EE\apache-maven\repository\com\sun\xml\bind\jaxb-xjc\2.1.6\jaxb-xjc-2.1.6.jar;C:\J2EE\apache-maven\repository\com\thoughtworks\xstream\xstream\1.1.2\xstream-1.1.2.jar;C:\J2EE\apache-maven\repository\commons-beanutils\commons-beanutils\1.7.0\commons-beanutils-1.7.0.jar;C:\J2EE\apache-maven\repository\commons-codec\commons-codec\1.3\commons-codec-1.3.jar;C:\J2EE\apache-maven\repository\commons-collections\commons-collections\3.2\commons-collections-3.2.jar;C:\J2EE\apache-maven\repository\commons-fileupload\commons-fileupload\1.2\commons-fileupload-1.2.jar;C:\J2EE\apache-maven\repository\commons-httpclient\commons-httpclient\3.1\commons-httpclient-3.1.jar;C:\J2EE\apache-maven\repository\commons-io\commons-io\1.4\commons-io-1.4.jar;C:\J2EE\apache-maven\repository\commons-lang\commons-lang\2.3\commons-lang-2.3.jar;C:\J2EE\apache-maven\repository\commons-logging\commons-logging\1.1.1\commons-logging-1.1.1.jar;C:\J2EE\apache-maven\repository\commons-vfs\commons-vfs\20050307052300\commons-vfs-20050307052300.jar;C:\J2EE\apache-maven\repository\dom4j\dom4j\1.6.1\dom4j-1.6.1.jar;C:\J2EE\apache-maven\repository\javax\activation\activation\1.1\activation-1.1.jar;C:\J2EE\apache-maven\repository\javax\jms\jms\1.1\jms-1.1.jar;C:\J2EE\apache-maven\repository\javax\mail\mail\1.4\mail-1.4.jar;C:\J2EE\apache-maven\repository\javax\persistence\persistence-api\1.0\persistence-api-1.0.jar;C:\J2EE\apache-maven\repository\javax\servlet\servlet-api\2.3\servlet-api-2.3.jar;C:\J2EE\apache-maven\repository\javax\transaction\jta\1.1\jta-1.1.jar;C:\J2EE\apache-maven\repository\javax\xml\bind\jaxb-api\2.1\jaxb-api-2.1.jar;C:\J2EE\apache-maven\repository\javax\xml\stream\stax-api\1.0-2\stax-api-1.0-2.jar;C:\J2EE\apache-maven\repository\jaxen\jaxen\1.1.1\jaxen-1.1.1.jar;C:\J2EE\apache-maven\repository\jboss\javassist\3.7.ga\javassist-3.7.ga.jar;C:\J2EE\apache-maven\repository\jdom\jdom\1.0\jdom-1.0.jar;C:\J2EE\apache-maven\repository\jmock\jmock\1.1.0\jmock-1.1.0.jar;C:\J2EE\apache-maven\repository\junit\junit\3.8.1\junit-3.8.1.jar;C:\J2EE\apache-maven\repository\log4j\log4j\1.2.15\log4j-1.2.15.jar;C:\J2EE\apache-maven\repository\net\sf\ehcache\ehcache\1.5.0\ehcache-1.5.0.jar;C:\J2EE\apache-maven\repository\net\sf\jsr107cache\jsr107cache\1.0\jsr107cache-1.0.jar;C:\J2EE\apache-maven\repository\ognl\ognl\2.7.3\ognl-2.7.3.jar;C:\J2EE\apache-maven\repository\opensymphony\oscache\2.3\oscache-2.3.jar;C:\J2EE\apache-maven\repository\org\apache\ant\ant\1.7.0\ant-1.7.0.jar;C:\J2EE\apache-maven\repository\org\apache\ant\ant-launcher\1.7.0\ant-launcher-1.7.0.jar;C:\J2EE\apache-maven\repository\org\apache\axis2\axis2-adb\1.4\axis2-adb-1.4.jar;C:\J2EE\apache-maven\repository\org\apache\axis2\axis2-jaxws\1.4\axis2-jaxws-1.4.jar;C:\J2EE\apache-maven\repository\org\apache\axis2\axis2-jaxws-api\1.4\axis2-jaxws-api-1.4.jar;C:\J2EE\apache-maven\repository\org\apache\axis2\axis2-jws-api\1.4\axis2-jws-api-1.4.jar;C:\J2EE\apache-maven\repository\org\apache\axis2\axis2-kernel\1.4\axis2-kernel-1.4.jar;C:\J2EE\apache-maven\repository\org\apache\axis2\axis2-metadata\1.4\axis2-metadata-1.4.jar;C:\J2EE\apache-maven\repository\org\apache\axis2\axis2-saaj\1.4\axis2-saaj-1.4.jar;C:\J2EE\apache-maven\repository\org\apache\axis2\axis2-saaj-api\1.4\axis2-saaj-api-1.4.jar;C:\J2EE\apache-maven\repository\org\apache\axis2\axis2-spring\1.4\axis2-spring-1.4.jar;C:\J2EE\apache-maven\repository\org\apache\geronimo\specs\geronimo-activation_1.1_spec\1.0.1\geronimo-activation_1.1_spec-1.0.1.jar;C:\J2EE\apache-maven\repository\org\apache\geronimo\specs\geronimo-annotation_1.0_spec\1.1\geronimo-annotation_1.0_spec-1.1.jar;C:\J2EE\apache-maven\repository\org\apache\geronimo\specs\geronimo-javamail_1.4_spec\1.2\geronimo-javamail_1.4_spec-1.2.jar;C:\J2EE\apache-maven\repository\org\apache\geronimo\specs\geronimo-jms_1.1_spec\1.1\geronimo-jms_1.1_spec-1.1.jar;C:\J2EE\apache-maven\repository\org\apache\geronimo\specs\geronimo-stax-api_1.0_spec\1.0.1\geronimo-stax-api_1.0_spec-1.0.1.jar;C:\J2EE\apache-maven\repository\org\apache\httpcomponents\httpcore\4.0-beta1\httpcore-4.0-beta1.jar;C:\J2EE\apache-maven\repository\org\apache\httpcomponents\httpcore-nio\4.0-beta1\httpcore-nio-4.0-beta1.jar;C:\J2EE\apache-maven\repository\org\apache\neethi\neethi\2.0.4\neethi-2.0.4.jar;C:\J2EE\apache-maven\repository\org\apache\woden\woden-api\1.0M8\woden-api-1.0M8.jar;C:\J2EE\apache-maven\repository\org\apache\woden\woden-impl-dom\1.0M8\woden-impl-dom-1.0M8.jar;C:\J2EE\apache-maven\repository\org\apache\ws\commons\axiom\axiom-api\1.2.7\axiom-api-1.2.7.jar;C:\J2EE\apache-maven\repository\org\apache\ws\commons\axiom\axiom-dom\1.2.7\axiom-dom-1.2.7.jar;C:\J2EE\apache-maven\repository\org\apache\ws\commons\axiom\axiom-impl\1.2.7\axiom-impl-1.2.7.jar;C:\J2EE\apache-maven\repository\org\apache\ws\commons\schema\XmlSchema\1.4.2\XmlSchema-1.4.2.jar;C:\J2EE\apache-maven\repository\org\aspectj\aspectjrt\1.6.1\aspectjrt-1.6.1.jar;C:\J2EE\apache-maven\repository\org\aspectj\aspectjweaver\1.6.1\aspectjweaver-1.6.1.jar;C:\J2EE\apache-maven\repository\org\codehaus\woodstox\wstx-asl\3.2.4\wstx-asl-3.2.4.jar;C:\J2EE\apache-maven\repository\org\crudfw\common\crudfw-common-utils\1.0-SNAPSHOT\crudfw-common-utils-1.0-SNAPSHOT.jar;C:\J2EE\apache-maven\repository\org\hibernate\ejb3-persistence\1.0.2.GA\ejb3-persistence-1.0.2.GA.jar;C:\J2EE\apache-maven\repository\org\hibernate\hibernate-annotations\3.4.0.GA\hibernate-annotations-3.4.0.GA.jar;C:\J2EE\apache-maven\repository\org\hibernate\hibernate-commons-annotations\3.1.0.GA\hibernate-commons-annotations-3.1.0.GA.jar;C:\J2EE\apache-maven\repository\org\hibernate\hibernate-core\3.3.2.GA\hibernate-core-3.3.2.GA.jar;C:\J2EE\apache-maven\repository\org\hibernate\hibernate-oscache\3.3.2.GA\hibernate-oscache-3.3.2.GA.jar;C:\J2EE\apache-maven\repository\org\slf4j\slf4j-api\1.5.6\slf4j-api-1.5.6.jar;C:\J2EE\apache-maven\repository\org\slf4j\slf4j-log4j12\1.5.6\slf4j-log4j12-1.5.6.jar;C:\J2EE\apache-maven\repository\org\springframework\spring-aop\2.5.6.SEC01\spring-aop-2.5.6.SEC01.jar;C:\J2EE\apache-maven\repository\org\springframework\spring-aspects\2.5.6.SEC01\spring-aspects-2.5.6.SEC01.jar;C:\J2EE\apache-maven\repository\org\springframework\spring-beans\2.5.6.SEC01\spring-beans-2.5.6.SEC01.jar;C:\J2EE\apache-maven\repository\org\springframework\spring-context\2.5.6.SEC01\spring-context-2.5.6.SEC01.jar;C:\J2EE\apache-maven\repository\org\springframework\spring-context-support\2.5.6.SEC01\spring-context-support-2.5.6.SEC01.jar;C:\J2EE\apache-maven\repository\org\springframework\spring-core\2.5.6.SEC01\spring-core-2.5.6.SEC01.jar;C:\J2EE\apache-maven\repository\org\springframework\spring-jdbc\2.5.6.SEC01\spring-jdbc-2.5.6.SEC01.jar;C:\J2EE\apache-maven\repository\org\springframework\spring-orm\2.5.6.SEC01\spring-orm-2.5.6.SEC01.jar;C:\J2EE\apache-maven\repository\org\springframework\spring-test\2.5.6.SEC01\spring-test-2.5.6.SEC01.jar;C:\J2EE\apache-maven\repository\org\springframework\spring-tx\2.5.6.SEC01\spring-tx-2.5.6.SEC01.jar;C:\J2EE\apache-maven\repository\org\springframework\spring-web\2.5.6.SEC01\spring-web-2.5.6.SEC01.jar;C:\J2EE\apache-maven\repository\org\springframework\security\spring-security-acl\2.0.4\spring-security-acl-2.0.4.jar;C:\J2EE\apache-maven\repository\org\springframework\security\spring-security-core\2.0.4\spring-security-core-2.0.4.jar;C:\J2EE\apache-maven\repository\org\springframework\security\spring-security-core-tiger\2.0.4\spring-security-core-tiger-2.0.4.jar;C:\J2EE\apache-maven\repository\org\springframework\security\spring-security-taglibs\2.0.4\spring-security-taglibs-2.0.4.jar;C:\J2EE\apache-maven\repository\velocity\velocity\1.4\velocity-1.4.jar;C:\J2EE\apache-maven\repository\wsdl4j\wsdl4j\1.6.2\wsdl4j-1.6.2.jar;C:\J2EE\apache-maven\repository\xalan\xalan\2.7.0\xalan-2.7.0.jar;C:\J2EE\apache-maven\repository\xerces\xercesImpl\2.8.0\xercesImpl-2.8.0.jar;C:\J2EE\apache-maven\repository\xerces\xmlParserAPIs\2.6.0\xmlParserAPIs-2.6.0.jar;C:\J2EE\apache-maven\repository\xml-apis\xml-apis\1.3.03\xml-apis-1.3.03.jar;C:\J2EE\apache-maven\repository\xml-resolver\xml-resolver\1.2\xml-resolver-1.2.jar;C:\J2EE\apache-maven\repository\xom\xom\1.0\xom-1.0.jar;C:\J2EE\apache-maven\repository\xpp3\xpp3_min\1.1.3.4.O\xpp3_min-1.1.3.4.O.jar;C:\PFC\crudfw\crudfw-commons\crudfw-common-core\target\classes
-aspectpath
C:\J2EE\apache-maven\repository\org\springframework\spring-aspects\2.5.6.SEC01\spring-aspects-2.5.6.SEC01.jar
-d
C:\PFC\crudfw\crudfw-commons\crudfw-common-core\target\classes
C:\PFC\crudfw\crudfw-commons\crudfw-common-core\src\main\java\org\librae\common\dao\hibernate\GenMapPojoDAOImpl.java
C:\PFC\crudfw\crudfw-commons\crudfw-common-core\src\main\java\org\librae\common\dao\GenericDAO.java
C:\PFC\crudfw\crudfw-commons\crudfw-common-core\src\main\java\org\librae\common\model\BaseObject.java
C:\PFC\crudfw\crudfw-commons\crudfw-common-core\src\main\java\org\librae\common\dao\hibernate\dialects\PostgreSQLDialect.java
C:\PFC\crudfw\crudfw-commons\crudfw-common-core\src\main\java\org\librae\common\service\IMenuManager.java
C:\PFC\crudfw\crudfw-commons\crudfw-common-core\src\main\java\org\librae\common\dao\hibernate\dialects\OracleDialect.java
C:\PFC\crudfw\crudfw-commons\crudfw-common-core\src\main\java\org\librae\common\facade\BaseFacadeTestCase.java
C:\PFC\crudfw\crudfw-commons\crudfw-common-core\src\main\java\org\librae\common\model\parampoliticas\AbstractParamPolTipoLector.java
C:\PFC\crudfw\crudfw-commons\crudfw-common-core\src\main\java\org\librae\common\model\parampoliticas\AbstractParamPolBiblioteca.java
C:\PFC\crudfw\crudfw-commons\crudfw-common-core\src\main\java\org\librae\common\dao\spring\HibernateExtensionPostProcessor.java
C:\PFC\crudfw\crudfw-commons\crudfw-common-core\src\main\java\org\librae\common\model\parampoliticas\IParamPolPrestamo.java
C:\PFC\crudfw\crudfw-commons\crudfw-common-core\src\main\java\org\librae\common\service\IGenMapPojoManager.java
C:\PFC\crudfw\crudfw-commons\crudfw-common-core\src\main\java\es\uma\crudframework\service\impl\GenericManagerImpl.java
C:\PFC\crudfw\crudfw-commons\crudfw-common-core\src\main\java\es\uma\crudframework\exception\CrudException.java
C:\PFC\crudfw\crudfw-commons\crudfw-common-core\src\main\java\org\librae\common\dao\hibernate\support\LibraeHibernateDaoSupport.java
C:\PFC\crudfw\crudfw-commons\crudfw-common-core\src\main\java\es\uma\crudframework\util\ConvertUtil.java
C:\PFC\crudfw\crudfw-commons\crudfw-common-core\src\main\java\org\librae\common\model\parampoliticas\AbstractParamPolProductosImpresos.java
C:\PFC\crudfw\crudfw-commons\crudfw-common-core\src\main\java\org\librae\common\model\parampoliticas\AbstractParamPolEjemplarTipo.java
C:\PFC\crudfw\crudfw-commons\crudfw-common-core\src\main\java\es\uma\crudframework\exception\MensajesError.java
C:\PFC\crudfw\crudfw-commons\crudfw-common-core\src\main\java\org\librae\common\dao\hibernate\support\LibraeHibernateTemplate.java
C:\PFC\crudfw\crudfw-commons\crudfw-common-core\src\main\java\org\librae\common\dao\hibernate\SerializableHibernateTransactionManager.java
C:\PFC\crudfw\crudfw-commons\crudfw-common-core\src\main\java\es\uma\crudframework\dao\hibernate\GenericDAOImpl.java
C:\PFC\crudfw\crudfw-commons\crudfw-common-core\src\main\java\es\uma\crudframework\trazas\interceptors\LogDebugInterceptor.java
C:\PFC\crudfw\crudfw-commons\crudfw-common-core\src\main\java\org\librae\common\service\ITreeManager.java
C:\PFC\crudfw\crudfw-commons\crudfw-common-core\src\main\java\org\librae\common\service\impl\UniversalManagerImpl.java
C:\PFC\crudfw\crudfw-commons\crudfw-common-core\src\main\java\es\uma\crudframework\exception\CrudAppException.java
C:\PFC\crudfw\crudfw-commons\crudfw-common-core\src\main\java\es\uma\crudframework\model\annotations\CrudViewParams.java
C:\PFC\crudfw\crudfw-commons\crudfw-common-core\src\main\java\org\librae\common\model\parampoliticas\IParamPolBiblioteca.java
C:\PFC\crudfw\crudfw-commons\crudfw-common-core\src\main\java\org\librae\common\util\DateUtil.java
C:\PFC\crudfw\crudfw-commons\crudfw-common-core\src\main\java\org\librae\common\service\ISearchManager.java
C:\PFC\crudfw\crudfw-commons\crudfw-common-core\src\main\java\es\uma\crudframework\trazas\Log4JLogger.java
C:\PFC\crudfw\crudfw-commons\crudfw-common-core\src\main\java\org\librae\common\service\impl\GenericManagerImpl.java
C:\PFC\crudfw\crudfw-commons\crudfw-common-core\src\main\java\es\uma\crudframework\exception\CrudValidationException.java
C:\PFC\crudfw\crudfw-commons\crudfw-common-core\src\main\java\org\librae\common\dao\IGenericSearchDAO.java
C:\PFC\crudfw\crudfw-commons\crudfw-common-core\src\main\java\es\uma\crudframework\dao\BaseDAOTestCase.java
C:\PFC\crudfw\crudfw-commons\crudfw-common-core\src\main\java\org\librae\common\dao\hibernate\UtilidadesBusqueda.java
C:\PFC\crudfw\crudfw-commons\crudfw-common-core\src\main\java\org\librae\common\service\impl\ComboLocaleManager.java
C:\PFC\crudfw\crudfw-commons\crudfw-common-core\src\main\java\org\librae\common\model\parampoliticas\AbstractParamPolDesiderata.java
C:\PFC\crudfw\crudfw-commons\crudfw-common-core\src\main\java\org\librae\common\dao\IGenMapPojoDAO.java
C:\PFC\crudfw\crudfw-commons\crudfw-common-core\src\main\java\org\librae\common\model\LabelValue.java
C:\PFC\crudfw\crudfw-commons\crudfw-common-core\src\main\java\es\uma\crudframework\model\LabelValue.java
C:\PFC\crudfw\crudfw-commons\crudfw-common-core\src\main\java\org\librae\common\facade\GenericFacadeImpl.java
C:\PFC\crudfw\crudfw-commons\crudfw-common-core\src\main\java\org\librae\common\service\impl\GenMapPojoManagerImpl.java
C:\PFC\crudfw\crudfw-commons\crudfw-common-core\src\main\java\org\librae\common\model\LibraeUser.java
C:\PFC\crudfw\crudfw-commons\crudfw-common-core\src\main\java\org\librae\common\util\Propiedades.java
C:\PFC\crudfw\crudfw-commons\crudfw-common-core\src\main\java\org\librae\common\service\IFavoritoGenericManager.java
C:\PFC\crudfw\crudfw-commons\crudfw-common-core\src\main\java\org\librae\common\util\DateConverter.java
C:\PFC\crudfw\crudfw-commons\crudfw-common-core\src\main\java\org\librae\common\model\parampoliticas\AbstractParamPolNotificacion.java
C:\PFC\crudfw\crudfw-commons\crudfw-common-core\src\main\java\org\librae\common\model\parampoliticas\AbstractParamPolTipoNotificacion.java
C:\PFC\crudfw\crudfw-commons\crudfw-common-core\src\main\java\org\librae\common\model\SpringRemotableLazyEntity.java
C:\PFC\crudfw\crudfw-commons\crudfw-common-core\src\main\java\org\librae\common\dao\hibernate\TipoCondicion.java
C:\PFC\crudfw\crudfw-commons\crudfw-common-core\src\main\java\org\librae\common\util\ResultBoolText.java
C:\PFC\crudfw\crudfw-commons\crudfw-common-core\src\main\java\org\librae\common\util\StringUtil.java
C:\PFC\crudfw\crudfw-commons\crudfw-common-core\src\main\java\es\uma\crudframework\trazas\annotations\LogDebug.java
C:\PFC\crudfw\crudfw-commons\crudfw-common-core\src\main\java\org\librae\common\dao\hibernate\GenericDAOImpl.java
C:\PFC\crudfw\crudfw-commons\crudfw-common-core\src\main\java\org\librae\common\model\Arbol.java
C:\PFC\crudfw\crudfw-commons\crudfw-common-core\src\main\java\org\librae\common\model\parampoliticas\IParamPolEjemplarTipo.java
C:\PFC\crudfw\crudfw-commons\crudfw-common-core\src\main\java\org\librae\common\Constants.java
C:\PFC\crudfw\crudfw-commons\crudfw-common-core\src\main\java\es\uma\crudframework\trazas\interceptors\LoggingInterceptor.java
C:\PFC\crudfw\crudfw-commons\crudfw-common-core\src\main\java\es\uma\crudframework\Constants.java
C:\PFC\crudfw\crudfw-commons\crudfw-common-core\src\main\java\org\librae\common\dao\hibernate\UniversalDAOImpl.java
C:\PFC\crudfw\crudfw-commons\crudfw-common-core\src\main\java\org\librae\common\model\DataPage.java
C:\PFC\crudfw\crudfw-commons\crudfw-common-core\src\main\java\org\librae\common\util\ReflectionUtil.java
C:\PFC\crudfw\crudfw-commons\crudfw-common-core\src\main\java\org\librae\common\model\parampoliticas\AbstractParamPolEjecucion.java
C:\PFC\crudfw\crudfw-commons\crudfw-common-core\src\main\java\model\CodPer.java
C:\PFC\crudfw\crudfw-commons\crudfw-common-core\src\main\java\org\librae\common\util\TemporalKeyGenerator.java
C:\PFC\crudfw\crudfw-commons\crudfw-common-core\src\main\java\es\uma\crudframework\exception\ExceptionUtil.java
C:\PFC\crudfw\crudfw-commons\crudfw-common-core\src\main\java\es\uma\crudframework\dao\hibernate\support\CrudHibernateDaoSupport.java
C:\PFC\crudfw\crudfw-commons\crudfw-common-core\src\main\java\org\librae\common\dao\BaseDAOTestCase.java
C:\PFC\crudfw\crudfw-commons\crudfw-common-core\src\main\java\org\librae\common\service\BaseManagerTestCase.java
C:\PFC\crudfw\crudfw-commons\crudfw-common-core\src\main\java\es\uma\crudframework\trazas\annotations\spring\Scope.java
C:\PFC\crudfw\crudfw-commons\crudfw-common-core\src\main\java\org\librae\common\util\ConvertUtil.java
C:\PFC\crudfw\crudfw-commons\crudfw-common-core\src\main\java\es\uma\crudframework\model\BaseObject.java
C:\PFC\crudfw\crudfw-commons\crudfw-common-core\src\main\java\es\uma\crudframework\exception\CrudFaultException.java
C:\PFC\crudfw\crudfw-commons\crudfw-common-core\src\main\java\org\librae\common\model\parampoliticas\AbstractParamPolProceso.java
C:\PFC\crudfw\crudfw-commons\crudfw-common-core\src\main\java\org\librae\common\service\impl\BaseManagerMockTestCase.java
C:\PFC\crudfw\crudfw-commons\crudfw-common-core\src\main\java\org\librae\common\model\MenuItem.java
C:\PFC\crudfw\crudfw-commons\crudfw-common-core\src\main\java\es\uma\crudframework\dao\wsclient\GenericWSClientImpl.java
C:\PFC\crudfw\crudfw-commons\crudfw-common-core\src\main\java\es\uma\crudframework\service\BaseManagerTestCase.java
C:\PFC\crudfw\crudfw-commons\crudfw-common-core\src\main\java\es\uma\crudframework\service\impl\BaseManagerMockTestCase.java
C:\PFC\crudfw\crudfw-commons\crudfw-common-core\src\main\java\es\uma\crudframework\model\annotations\CrudValidator.java
C:\PFC\crudfw\crudfw-commons\crudfw-common-core\src\main\java\es\uma\crudframework\trazas\annotations\spring\Bean.java
C:\PFC\crudfw\crudfw-commons\crudfw-common-core\src\main\java\org\librae\common\service\GenericManager.java
C:\PFC\crudfw\crudfw-commons\crudfw-common-core\src\main\java\org\librae\common\service\UniversalManager.java
C:\PFC\crudfw\crudfw-commons\crudfw-common-core\src\main\java\org\librae\common\model\parampoliticas\AbstractParamPolPrestamo.java
C:\PFC\crudfw\crudfw-commons\crudfw-common-core\src\main\java\org\librae\common\dao\hibernate\GenericSearchDao.java
C:\PFC\crudfw\crudfw-commons\crudfw-common-core\src\main\java\org\librae\common\dao\UniversalDAO.java
C:\PFC\crudfw\crudfw-commons\crudfw-common-core\src\main\java\es\uma\crudframework\service\GenericManager.java
C:\PFC\crudfw\crudfw-commons\crudfw-common-core\src\main\java\es\uma\crudframework\dao\hibernate\support\CrudHibernateTemplate.java
C:\PFC\crudfw\crudfw-commons\crudfw-common-core\src\main\java\es\uma\crudframework\dao\GenericDAO.java
C:\PFC\crudfw\crudfw-commons\crudfw-common-core\src\main\java\org\librae\common\dao\hibernate\dialects\MySqlDialect.java
C:\PFC\crudfw\crudfw-commons\crudfw-common-core\src\main\java\es\uma\crudframework\exception\Constantes.java
C:\PFC\crudfw\crudfw-commons\crudfw-common-core\src\main\java\org\librae\common\model\parampoliticas\IParamPolTipoLector.java
C:\PFC\crudfw\crudfw-commons\crudfw-common-core\src\main\java\org\librae\common\util\CurrencyConverter.java
C:\PFC\crudfw\crudfw-commons\crudfw-common-core\src\main\java\org\librae\common\util\TimestampConverter.java
C:\PFC\crudfw\crudfw-commons\crudfw-common-core\src\main\java\org\librae\common\util\CollectionsUtil.java
C:\PFC\crudfw\crudfw-commons\crudfw-common-core\src\main\java\org\librae\common\dao\hibernate\TipoOperador.java
